<?xml version="1.0" encoding="UTF-8"?>
<!-- Generated by org.testng.reporters.JUnitReportReporter -->
<testsuite hostname="ES-Waleedkhan" failures="0" tests="2" name="Tests.LoginTest" time="9.000" errors="0" timestamp="2024-01-16T16:07:25 PKT" skipped="0">
  <testcase classname="Tests.LoginTest" name="DMPLoginTest" time="8.769"/>
  <system-out/>
  <testcase classname="Tests.LoginTest" name="DMPLogOutTest" time="0.231"/>
  <system-out/>
</testsuite> <!-- Tests.LoginTest -->
